<?xml version="1.0" encoding="UTF-8"?>
<testng-results ignored="0" total="1" passed="1" failed="0" skipped="0">
  <reporter-output>
  </reporter-output>
  <suite started-at="2022-09-14T16:16:34 IST" name="Default suite" finished-at="2022-09-14T16:16:34 IST" duration-ms="113">
    <groups>
    </groups>
    <test started-at="2022-09-14T16:16:34 IST" name="Default test" finished-at="2022-09-14T16:16:34 IST" duration-ms="113">
      <class name="com.qa.rest.test.Demo_NestedJSON">
        <test-method is-config="true" signature="readGETPayload()[pri:0, instance:com.qa.rest.test.Demo_NestedJSON@16a0ee18]" started-at="2022-09-14T16:16:34 IST" name="readGETPayload" finished-at="2022-09-14T16:16:34 IST" duration-ms="89" status="PASS">
          <reporter-output>
          </reporter-output>
        </test-method> <!-- readGETPayload -->
        <test-method signature="readJSONPayload()[pri:0, instance:com.qa.rest.test.Demo_NestedJSON@16a0ee18]" started-at="2022-09-14T16:16:34 IST" name="readJSONPayload" finished-at="2022-09-14T16:16:34 IST" duration-ms="4" status="PASS">
          <reporter-output>
          </reporter-output>
        </test-method> <!-- readJSONPayload -->
      </class> <!-- com.qa.rest.test.Demo_NestedJSON -->
    </test> <!-- Default test -->
  </suite> <!-- Default suite -->
</testng-results>
